<?xml version="1.0" encoding="UTF-8"?>
<testng-results ignored="0" total="1" passed="1" failed="0" skipped="0">
  <reporter-output>
  </reporter-output>
  <suite started-at="2023-02-28T18:17:41 IST" name="Surefire suite" finished-at="2023-02-28T18:19:01 IST" duration-ms="79826">
    <groups>
    </groups>
    <test started-at="2023-02-28T18:17:41 IST" name="Surefire test" finished-at="2023-02-28T18:19:01 IST" duration-ms="79826">
      <class name="testingFiles.Magneto_Test">
        <test-method is-config="true" signature="launchBrowser()[pri:0, instance:testingFiles.Magneto_Test@3e11f9e9]" started-at="2023-02-28T18:17:38 IST" name="launchBrowser" finished-at="2023-02-28T18:17:41 IST" duration-ms="2938" status="PASS">
          <reporter-output>
          </reporter-output>
        </test-method> <!-- launchBrowser -->
        <test-method is-config="true" signature="lamdatest()[pri:0, instance:testingFiles.Magneto_Test@3e11f9e9]" started-at="2023-02-28T18:17:41 IST" name="lamdatest" finished-at="2023-02-28T18:17:47 IST" duration-ms="5861" status="PASS">
          <reporter-output>
          </reporter-output>
        </test-method> <!-- lamdatest -->
        <test-method signature="Task1()[pri:0, instance:testingFiles.Magneto_Test@3e11f9e9]" started-at="2023-02-28T18:17:47 IST" name="Task1" finished-at="2023-02-28T18:19:00 IST" duration-ms="73549" status="PASS">
          <reporter-output>
          </reporter-output>
        </test-method> <!-- Task1 -->
        <test-method is-config="true" signature="quit()[pri:0, instance:testingFiles.Magneto_Test@3e11f9e9]" started-at="2023-02-28T18:19:00 IST" name="quit" finished-at="2023-02-28T18:19:01 IST" duration-ms="368" status="PASS">
          <reporter-output>
          </reporter-output>
        </test-method> <!-- quit -->
      </class> <!-- testingFiles.Magneto_Test -->
    </test> <!-- Surefire test -->
  </suite> <!-- Surefire suite -->
</testng-results>
